<?xml version="1.0" encoding="UTF-8"?>
<!-- Generated by org.testng.reporters.JUnitXMLReporter -->
<testsuite hostname="adminisrsmini75.cybage.com" name="Test on 4 device- LoginElement" tests="2" failures="0" timestamp="21 Nov 2017 06:27:45 GMT" time="74.642" errors="0">
  <testcase name="elementPresent" time="9.073" classname="test.LoginElementDisplayed"/>
  <testcase name="navigateToSettingScreen" time="19.478" classname="test.LoginElementDisplayed"/>
</testsuite> <!-- Test on 4 device- LoginElement -->
