<?xml version="1.0" encoding="UTF-8"?>
<!-- Generated by org.testng.reporters.JUnitXMLReporter -->
<testsuite hostname="adminisrsmini75.cybage.com" name="Test on 2 device- NormalLogin" tests="2" failures="1" timestamp="2 Dec 2016 07:10:13 GMT" time="22.265" errors="0">
  <testcase name="AddNewCategories" time="22.229" classname="test.HomePageTest">
    <failure type="java.lang.AssertionError" message="Test Failed due to Timed out after 20 seconds waiting for visibility of element located by By.xpath: //android.support.v7.widget.RecyclerView[1]/android.widget.FrameLayout[1]
Build info: version: &amp;apos;2.53.1&amp;apos;, revision: &amp;apos;a36b8b1cd5757287168e54b817830adce9b0158d&amp;apos;, time: &amp;apos;2016-06-30 19:26:09&amp;apos;
System info: host: &amp;apos;adminisrsmini75.cybage.com&amp;apos;, ip: &amp;apos;172.27.46.80&amp;apos;, os.name: &amp;apos;Mac OS X&amp;apos;, os.arch: &amp;apos;x86_64&amp;apos;, os.version: &amp;apos;10.11.6&amp;apos;, java.version: &amp;apos;1.7.0_76&amp;apos;
Session ID: 388f68e7-b20f-463a-a990-618c78fe2f66
Driver info: io.appium.java_client.ios.IOSDriver
Capabilities [{platformVersion=8.1.3, app=/Users/administrator/Documents/GridImplementation/SourceCode/GridCybage/app/CybageNews.ipa, platform=MAC, databaseEnabled=false, javascriptEnabled=true, platformName=iOS, deviceName=iPhone cybage white, browserName=, webStorageEnabled=false, networkConnectionEnabled=false, udid=90c83e758f3d06f05ddaf4eb9e4d2d3eb8726e39, desired={platformVersion=8.1.3, app=/Users/administrator/Documents/GridImplementation/SourceCode/GridCybage/app/CybageNews.ipa, deviceName=iPhone cybage white, platformName=iOS, udid=90c83e758f3d06f05ddaf4eb9e4d2d3eb8726e39}, locationContextEnabled=false, takesScreenshot=true}]">
      <![CDATA[java.lang.AssertionError: Test Failed due to Timed out after 20 seconds waiting for visibility of element located by By.xpath: //android.support.v7.widget.RecyclerView[1]/android.widget.FrameLayout[1]
Build info: version: '2.53.1', revision: 'a36b8b1cd5757287168e54b817830adce9b0158d', time: '2016-06-30 19:26:09'
System info: host: 'adminisrsmini75.cybage.com', ip: '172.27.46.80', os.name: 'Mac OS X', os.arch: 'x86_64', os.version: '10.11.6', java.version: '1.7.0_76'
Session ID: 388f68e7-b20f-463a-a990-618c78fe2f66
Driver info: io.appium.java_client.ios.IOSDriver
Capabilities [{platformVersion=8.1.3, app=/Users/administrator/Documents/GridImplementation/SourceCode/GridCybage/app/CybageNews.ipa, platform=MAC, databaseEnabled=false, javascriptEnabled=true, platformName=iOS, deviceName=iPhone cybage white, browserName=, webStorageEnabled=false, networkConnectionEnabled=false, udid=90c83e758f3d06f05ddaf4eb9e4d2d3eb8726e39, desired={platformVersion=8.1.3, app=/Users/administrator/Documents/GridImplementation/SourceCode/GridCybage/app/CybageNews.ipa, deviceName=iPhone cybage white, platformName=iOS, udid=90c83e758f3d06f05ddaf4eb9e4d2d3eb8726e39}, locationContextEnabled=false, takesScreenshot=true}]
	at utilities.TimeOutAndWaits.getWhenVisible(TimeOutAndWaits.java:77)
	at utilities.waitLocatorSwitch.waitforLocator(waitLocatorSwitch.java:65)
	at utilities.DeviceActions.HorizontalSwip(DeviceActions.java:111)
	at pageObjects.HomePage.swipeLeftFirstNewsRow(HomePage.java:66)
	at test.HomePageTest.AddNewCategories(HomePageTest.java:53)
	at java.util.concurrent.FutureTask.run(FutureTask.java:262)
	at java.util.concurrent.ThreadPoolExecutor.runWorker(ThreadPoolExecutor.java:1145)
	at java.util.concurrent.ThreadPoolExecutor$Worker.run(ThreadPoolExecutor.java:615)
	at java.lang.Thread.run(Thread.java:745)
... Removed 17 stack frames]]>
    </failure>
  </testcase> <!-- AddNewCategories -->
  <testcase name="VerifyNews" time="0.002" classname="test.HomePageTest"/>
</testsuite> <!-- Test on 2 device- NormalLogin -->
