<?xml version="1.0" encoding="UTF-8"?>
<!-- Generated by org.testng.reporters.JUnitXMLReporter -->
<testsuite hostname="adminisrsmini75.cybage.com" name="Test on 2 device- HomeScreen" tests="1" failures="1" timestamp="29 Nov 2016 13:03:57 GMT" time="20.478" errors="0">
  <testcase name="checkElementOnHomeScreen" time="20.46" classname="test.XCUITest_HomeScreenTest">
    <failure type="java.lang.AssertionError" message="Test Failed due to Timed out after 20 seconds waiting for visibility of element located by By.xpath: //XCUIElementTypeApplication[1]/XCUIElementTypeWindow[1]/XCUIElementTypeButton[4]
Build info: version: &amp;apos;2.53.1&amp;apos;, revision: &amp;apos;a36b8b1cd5757287168e54b817830adce9b0158d&amp;apos;, time: &amp;apos;2016-06-30 19:26:09&amp;apos;
System info: host: &amp;apos;adminisrsmini75.cybage.com&amp;apos;, ip: &amp;apos;172.27.46.80&amp;apos;, os.name: &amp;apos;Mac OS X&amp;apos;, os.arch: &amp;apos;x86_64&amp;apos;, os.version: &amp;apos;10.11.6&amp;apos;, java.version: &amp;apos;1.7.0_76&amp;apos;
Session ID: 93d61376-d1bb-4fe8-beb3-31c7f8d8f8ea
Driver info: io.appium.java_client.ios.IOSDriver
Capabilities [{automationName=XCUITest, platform=MAC, app=/Users/administrator/Documents/Workspace2/cybe/src/test/resources/app/ios/CybageNews.ipa, javascriptEnabled=true, showXcodeLog=true, realDeviceLogger=/usr/local/lib/node_modules/deviceconsole, browserName=, networkConnectionEnabled=false, udid=9afcd6d250d2f5b09b554d99df3efcded255631d, locationContextEnabled=false, platformVersion=10.1.1, xcodeConfigFile=/Users/administrator/Documents/GridImplementation/SourceCode/GridCybage/Config.xcconfig, databaseEnabled=false, deviceName=iPhone, platformName=iOS, webStorageEnabled=false, iosInstallPause=20000, bundleId=cybage.CybageNewsApp, takesScreenshot=true}]">
      <![CDATA[java.lang.AssertionError: Test Failed due to Timed out after 20 seconds waiting for visibility of element located by By.xpath: //XCUIElementTypeApplication[1]/XCUIElementTypeWindow[1]/XCUIElementTypeButton[4]
Build info: version: '2.53.1', revision: 'a36b8b1cd5757287168e54b817830adce9b0158d', time: '2016-06-30 19:26:09'
System info: host: 'adminisrsmini75.cybage.com', ip: '172.27.46.80', os.name: 'Mac OS X', os.arch: 'x86_64', os.version: '10.11.6', java.version: '1.7.0_76'
Session ID: 93d61376-d1bb-4fe8-beb3-31c7f8d8f8ea
Driver info: io.appium.java_client.ios.IOSDriver
Capabilities [{automationName=XCUITest, platform=MAC, app=/Users/administrator/Documents/Workspace2/cybe/src/test/resources/app/ios/CybageNews.ipa, javascriptEnabled=true, showXcodeLog=true, realDeviceLogger=/usr/local/lib/node_modules/deviceconsole, browserName=, networkConnectionEnabled=false, udid=9afcd6d250d2f5b09b554d99df3efcded255631d, locationContextEnabled=false, platformVersion=10.1.1, xcodeConfigFile=/Users/administrator/Documents/GridImplementation/SourceCode/GridCybage/Config.xcconfig, databaseEnabled=false, deviceName=iPhone, platformName=iOS, webStorageEnabled=false, iosInstallPause=20000, bundleId=cybage.CybageNewsApp, takesScreenshot=true}]
	at utilities.TimeOutAndWaits.getWhenVisible(TimeOutAndWaits.java:77)
	at utilities.waitLocatorSwitch.waitforLocator(waitLocatorSwitch.java:65)
	at utilities.DeviceActions.clickOnButton(DeviceActions.java:54)
	at pageObjects.HomePage.clickOnSettingButton(HomePage.java:54)
	at test.XCUITest_HomeScreenTest.checkElementOnHomeScreen(XCUITest_HomeScreenTest.java:54)
	at java.util.concurrent.FutureTask.run(FutureTask.java:262)
	at java.util.concurrent.ThreadPoolExecutor.runWorker(ThreadPoolExecutor.java:1145)
	at java.util.concurrent.ThreadPoolExecutor$Worker.run(ThreadPoolExecutor.java:615)
	at java.lang.Thread.run(Thread.java:745)
... Removed 17 stack frames]]>
    </failure>
  </testcase> <!-- checkElementOnHomeScreen -->
</testsuite> <!-- Test on 2 device- HomeScreen -->
