<?xml version="1.0" encoding="UTF-8"?>
<!-- Generated by org.testng.reporters.JUnitXMLReporter -->
<testsuite hostname="adminisrsmini75.cybage.com" name="Test on 1 device- LoginElement" tests="2" failures="0" timestamp="21 Nov 2017 06:13:21 GMT" time="1.191" errors="0">
  <testcase name="@BeforeTest Configuration" time="0.0" classname="test.LoginElementDisplayed">
    <failure type="java.lang.NullPointerException">
      <![CDATA[java.lang.NullPointerException
	at infra.Init.invokeDriver(Init.java:70)
	at infra.DriverClass.driver(DriverClass.java:38)
	at test.LoginElementDisplayed.Configuration(LoginElementDisplayed.java:38)
	at java.util.concurrent.FutureTask.run(FutureTask.java:266)
	at java.util.concurrent.ThreadPoolExecutor.runWorker(ThreadPoolExecutor.java:1142)
	at java.util.concurrent.ThreadPoolExecutor$Worker.run(ThreadPoolExecutor.java:617)
	at java.lang.Thread.run(Thread.java:748)
... Removed 14 stack frames]]>
    </failure>
  </testcase> <!-- @BeforeTest Configuration -->
  <testcase name="elementPresent" time="0.006" classname="test.LoginElementDisplayed">
    <skipped/>
  </testcase> <!-- elementPresent -->
  <testcase name="navigateToSettingScreen" time="0.004" classname="test.LoginElementDisplayed">
    <skipped/>
  </testcase> <!-- navigateToSettingScreen -->
</testsuite> <!-- Test on 1 device- LoginElement -->
