<?xml version="1.0" encoding="UTF-8"?>
<!-- Generated by org.testng.reporters.JUnitXMLReporter -->
<testsuite hostname="adminisrsmini75.cybage.com" name="Test on 3 device- NormalLogin" tests="1" failures="1" timestamp="1 Dec 2016 08:53:10 GMT" time="5.022" errors="0">
  <testcase name="checkElementOnHomeScreen" time="5.0" classname="test.HomePageTest">
    <failure type="java.lang.AssertionError" message="Test Failed due to An unknown server-side error occurred while processing the command. Original error: UiAUtomator shut down unexpectedly (WARNING: The server did not provide any stacktrace information)
Command duration or timeout: 2.62 seconds
Build info: version: &amp;apos;2.53.1&amp;apos;, revision: &amp;apos;a36b8b1cd5757287168e54b817830adce9b0158d&amp;apos;, time: &amp;apos;2016-06-30 19:26:09&amp;apos;
System info: host: &amp;apos;adminisrsmini75.cybage.com&amp;apos;, ip: &amp;apos;172.27.46.80&amp;apos;, os.name: &amp;apos;Mac OS X&amp;apos;, os.arch: &amp;apos;x86_64&amp;apos;, os.version: &amp;apos;10.11.6&amp;apos;, java.version: &amp;apos;1.7.0_76&amp;apos;
*** Element info: {Using=id, value=com.cybage.newsmedia:id/settingIB}
Session ID: 8e3d7d66-1019-4f7a-8ee3-2f671900c941
Driver info: io.appium.java_client.android.AndroidDriver
Capabilities [{platform=LINUX, app=/Users/administrator/Documents/GridImplementation/SourceCode/GridCybage/app/app-debug.apk, javascriptEnabled=true, appActivity=com.cybage.newsmedia.login.LoginActivity, networkConnectionEnabled=true, udid=4d0058eb4a4a419b, desired={platformVersion=4.4.2, app=/Users/administrator/Documents/GridImplementation/SourceCode/GridCybage/app/app-debug.apk, deviceName=GT-N7100, platformName=Android, bundleId=cybage.CybageNewsApp, udid=4d0058eb4a4a419b}, locationContextEnabled=false, appPackage=com.cybage.newsmedia, deviceUDID=4d0058eb4a4a419b, platformVersion=4.4.2, databaseEnabled=false, appWaitPackage=com.cybage.newsmedia, deviceName=4d0058eb4a4a419b, platformName=Android, appWaitActivity=com.cybage.newsmedia.login.LoginActivity, webStorageEnabled=false, bundleId=cybage.CybageNewsApp, warnings={}, takesScreenshot=true}]">
      <![CDATA[java.lang.AssertionError: Test Failed due to An unknown server-side error occurred while processing the command. Original error: UiAUtomator shut down unexpectedly (WARNING: The server did not provide any stacktrace information)
Command duration or timeout: 2.62 seconds
Build info: version: '2.53.1', revision: 'a36b8b1cd5757287168e54b817830adce9b0158d', time: '2016-06-30 19:26:09'
System info: host: 'adminisrsmini75.cybage.com', ip: '172.27.46.80', os.name: 'Mac OS X', os.arch: 'x86_64', os.version: '10.11.6', java.version: '1.7.0_76'
*** Element info: {Using=id, value=com.cybage.newsmedia:id/settingIB}
Session ID: 8e3d7d66-1019-4f7a-8ee3-2f671900c941
Driver info: io.appium.java_client.android.AndroidDriver
Capabilities [{platform=LINUX, app=/Users/administrator/Documents/GridImplementation/SourceCode/GridCybage/app/app-debug.apk, javascriptEnabled=true, appActivity=com.cybage.newsmedia.login.LoginActivity, networkConnectionEnabled=true, udid=4d0058eb4a4a419b, desired={platformVersion=4.4.2, app=/Users/administrator/Documents/GridImplementation/SourceCode/GridCybage/app/app-debug.apk, deviceName=GT-N7100, platformName=Android, bundleId=cybage.CybageNewsApp, udid=4d0058eb4a4a419b}, locationContextEnabled=false, appPackage=com.cybage.newsmedia, deviceUDID=4d0058eb4a4a419b, platformVersion=4.4.2, databaseEnabled=false, appWaitPackage=com.cybage.newsmedia, deviceName=4d0058eb4a4a419b, platformName=Android, appWaitActivity=com.cybage.newsmedia.login.LoginActivity, webStorageEnabled=false, bundleId=cybage.CybageNewsApp, warnings={}, takesScreenshot=true}]
	at utilities.TimeOutAndWaits.getWhenVisible(TimeOutAndWaits.java:77)
	at utilities.waitLocatorSwitch.waitforLocator(waitLocatorSwitch.java:65)
	at utilities.DeviceActions.clickOnButton(DeviceActions.java:54)
	at pageObjects.HomePage.clickOnSettingButton(HomePage.java:59)
	at test.HomePageTest.checkElementOnHomeScreen(HomePageTest.java:52)
	at java.util.concurrent.FutureTask.run(FutureTask.java:262)
	at java.util.concurrent.ThreadPoolExecutor.runWorker(ThreadPoolExecutor.java:1145)
	at java.util.concurrent.ThreadPoolExecutor$Worker.run(ThreadPoolExecutor.java:615)
	at java.lang.Thread.run(Thread.java:745)
... Removed 17 stack frames]]>
    </failure>
  </testcase> <!-- checkElementOnHomeScreen -->
</testsuite> <!-- Test on 3 device- NormalLogin -->
