<?xml version="1.0" encoding="UTF-8"?>
<!-- Generated by org.testng.reporters.JUnitXMLReporter -->
<testsuite hostname="adminisrsmini75.cybage.com" name="Test on 3 device- LoginElement" tests="2" failures="0" timestamp="21 Nov 2017 06:27:40 GMT" time="69.569" errors="0">
  <testcase name="elementPresent" time="15.013" classname="test.LoginElementDisplayed"/>
  <testcase name="navigateToSettingScreen" time="14.332" classname="test.LoginElementDisplayed"/>
</testsuite> <!-- Test on 3 device- LoginElement -->
